
── Migration Summary ───────────────────────────────────────────
Source: tournament/legacy.csv
Target: tournament/classic/classic-rewards.yml
Date: 2026-06-23T02:00:30.938Z
Total CSV rows: 1634

── Handles Normalized (lowercase → uppercase) ──────────────────
  1-s2-1-7362561 → 1-S2-1-7362561
  1-s2-1-12103075 → 1-S2-1-12103075
  1-s2-1-855368 → 1-S2-1-855368
  1-s2-1-8553688 → 1-S2-1-8553688
  2-s2-1-2739777 → 2-S2-1-2739777
Count: 5

── Negative Placement Values ───────────────────────────────────
  1-S2-1-2062827: T2=-1
  2-S2-1-3743847: T2=-1
  1-S2-1-6543734: T4=-1
  1-S2-1-3557418: T3=-3
  1-S2-1-855368: T4=-2
  1-S2-1-5603241: T3=-1
  1-S2-1-322356: T2=-1
  1-S2-1-4627326: T3=-1
  1-S2-1-8560622: T2=-1
  1-S2-1-7110174: T3=-2
  1-S2-1-505250: T2=-1
  1-S2-1-1074171: T2=-2
  1-S2-1-715990: T2=-1
  1-S2-1-2742873: T3=-1
  1-S2-1-2241827: T3=-1
  1-S2-1-4013491: T2=-1
  1-S2-1-5491503: T4=-2
  1-S2-1-5223491: T3=-1
  1-S2-1-20473178: T2=-1
  1-S2-1-4534619: T4=-1
  1-S2-1-3492848: T2=-2
  1-S2-1-6792288: T2=-2, T4=-1
  1-S2-1-2948482: T2=-1
  1-S2-1-8553688: T4=-2
  1-S2-1-807640: T2=-1
  1-S2-1-1881252: T4=-1
  1-S2-1-4830822: T3=-1, T4=-1
  1-S2-1-1280120: T3=-1
  1-S2-1-4336123: T3=-1
  1-S2-1-3881198: T2=-1
  1-S2-1-2701070: T4=-1
  1-S2-1-4863901: T2=-2, T4=-1
  1-S2-1-2446031: T4=-2
  1-S2-1-2082331: T4=-1
  1-S2-1-6152498: T2=-1
  1-S2-1-421006: T4=-2
  1-S2-1-3540180: T4=-3
  1-S2-1-2071477: T3=-2
  1-S2-1-895465: T2=-2
  1-S2-1-2758038: T2=-2
  1-S2-1-2291320: T4=-2
  1-S2-1-1478341: T2=-1
  1-S2-1-4422335: T4=-6
  1-S2-1-7392527: T5=-1
  2-S2-1-4296643: T2=-1
  1-S2-1-5052509: T2=-1
  1-S2-1-1918195: T2=-1
  1-S2-1-4438676: T4=-1
  1-S2-1-802873: T3=-1
  1-S2-1-1903261: T3=-1
  1-S2-1-5179867: T4=-1
  1-S2-1-4540211: T2=-1, T4=-1
  1-S2-1-5628257: T3=-1
  1-S2-2-97012: T4=-1
  1-S2-1-6193999: T2=-1
  2-S2-1-5445443: T2=-1
  1-S2-1-2064423: T3=-1
  1-S2-1-4199793: T2=-1
  1-S2-1-6647959: T2=-2, T4=-1
  1-S2-1-3907702: T2=-1
  1-S2-1-79609242: T3=-1
Count: 61

── Empty TF Values (treated as 0) ──────────────────────────────
  2-S2-1-3219260: TF9 (empty string → 0)
  2-S2-1-1900572: TF9 (empty string → 0)
  2-S2-1-2376319: TF9 (empty string → 0)
  2-S2-1-3786347: TF9 (empty string → 0)
Count: 4

── Empty ToonName ──────────────────────────────────────────────
Count: 39
  2-S2-1-2862990
  2-S2-1-2870276
  2-S2-1-3434314
  2-S2-1-2739501
  1-S2-1-163076
  2-S2-1-2742089
  2-S2-1-3259539
  2-S2-1-2734676
  2-S2-1-2743004
  2-S2-1-3173115
  1-S2-1-2218596
  2-S2-1-1913555
  2-S2-1-2117971
  2-S2-1-2740197
  2-S2-1-2870760
  2-S2-1-3837143
  2-S2-1-531922
  1-S2-1-2430376
  1-S2-1-60355
  1-S2-1-60355477
  2-S2-1-2190528
  2-S2-1-2739038
  2-S2-1-2740263
  2-S2-1-706388
  1-S2-1-103850
  1-S2-1-15003987
  1-S2-1-153599
  1-S2-1-2608554
  1-S2-1-4416296
  1-S2-1-47154493
  1-S2-1-6402825
  2-S2-1-2130732
  2-S2-1-2739932
  2-S2-1-3324592
  2-S2-1-3830362
  2-S2-1-519668
  1-S2-1-193820
  1-S2-1-36330
  1-S2-1-79609242

── Empty Player (BattleTag) ────────────────────────────────────
Count: 1401

── All-Zero Reward Rows ────────────────────────────────────────
(none)
Count: 0

── Result ──────────────────────────────────────────────────────
Players written: 1634
